<?xml version="1.0" encoding="UTF-8"?>
<testsuite name="com.table.order.domain.item.ItemServiceTest" tests="7" skipped="0" failures="0" errors="0" timestamp="2021-10-08T08:41:31" hostname="ibeomjun-ui-MacBookPro.local" time="0.024">
  <properties/>
  <testcase name="메뉴 추가 테스트" classname="com.table.order.domain.item.ItemServiceTest" time="0.015"/>
  <testcase name="메뉴 삭제 실패 테스트 (식당을 찾을 수 없음" classname="com.table.order.domain.item.ItemServiceTest" time="0.001"/>
  <testcase name="메뉴 수정 테스트" classname="com.table.order.domain.item.ItemServiceTest" time="0.002"/>
  <testcase name="메뉴 추가 실패 테스트 (미승인된 식당" classname="com.table.order.domain.item.ItemServiceTest" time="0.001"/>
  <testcase name="메뉴 수정 실패 테스트 (메뉴를 찾을 수 없음" classname="com.table.order.domain.item.ItemServiceTest" time="0.001"/>
  <testcase name="메뉴 추가 실패 테스트 (식당을 찾을 수 없음" classname="com.table.order.domain.item.ItemServiceTest" time="0.002"/>
  <testcase name="메뉴 삭제 테스트" classname="com.table.order.domain.item.ItemServiceTest" time="0.001"/>
  <system-out><![CDATA[]]></system-out>
  <system-err><![CDATA[]]></system-err>
</testsuite>
